# JRE version: Java(TM) SE Runtime Environment (9.0+11) (build 9.0.4+11)
# Java VM: Java HotSpot(TM) 64-Bit Server VM (9.0.4+11, mixed mode, tiered, compressed oops, g1 gc, windows-amd64)
Heap:
 garbage-first heap   total 189440K, used 117288K [0x0000000700000000, 0x00000007001005c8, 0x00000007c0000000)
  region size 1024K, 51 young (52224K), 2 survivors (2048K)
 Metaspace       used 81385K, capacity 87505K, committed 87580K, reserved 1124352K
  class space    used 11191K, capacity 12273K, committed 12316K, reserved 1048576K
GC Heap History (10 events):
Event: 486.680 GC heap before
{Heap before GC invocations=107 (full 22):
 garbage-first heap   total 189440K, used 125776K [0x0000000700000000, 0x00000007001005c8, 0x00000007c0000000)
  region size 1024K, 60 young (61440K), 2 survivors (2048K)
 Metaspace       used 81252K, capacity 87377K, committed 87580K, reserved 1124352K
  class space    used 11191K, capacity 12273K, committed 12316K, reserved 1048576K
}
Event: 486.687 GC heap after
{Heap after GC invocations=108 (full 22):
 garbage-first heap   total 189440K, used 66530K [0x0000000700000000, 0x00000007001005c8, 0x00000007c0000000)
  region size 1024K, 2 young (2048K), 2 survivors (2048K)
 Metaspace       used 81252K, capacity 87377K, committed 87580K, reserved 1124352K
  class space    used 11191K, capacity 12273K, committed 12316K, reserved 1048576K
}
Event: 487.594 GC heap before
{Heap before GC invocations=108 (full 22):
 garbage-first heap   total 189440K, used 105442K [0x0000000700000000, 0x00000007001005c8, 0x00000007c0000000)
  region size 1024K, 39 young (39936K), 2 survivors (2048K)
 Metaspace       used 81292K, capacity 87377K, committed 87580K, reserved 1124352K
  class space    used 11191K, capacity 12273K, committed 12316K, reserved 1048576K
}
Event: 487.808 GC heap after
{Heap after GC invocations=109 (full 23):
 garbage-first heap   total 189440K, used 65871K [0x0000000700000000, 0x00000007001005c8, 0x00000007c0000000)
  region size 1024K, 0 young (0K), 0 survivors (0K)
 Metaspace       used 81292K, capacity 87377K, committed 87580K, reserved 1124352K
  class space    used 11191K, capacity 12273K, committed 12316K, reserved 1048576K
}
Event: 492.007 GC heap before
{Heap before GC invocations=109 (full 23):
 garbage-first heap   total 189440K, used 127311K [0x0000000700000000, 0x00000007001005c8, 0x00000007c0000000)
  region size 1024K, 60 young (61440K), 0 survivors (0K)
 Metaspace       used 81314K, capacity 87505K, committed 87580K, reserved 1124352K
  class space    used 11191K, capacity 12273K, committed 12316K, reserved 1048576K
}
Event: 492.009 GC heap after
{Heap after GC invocations=110 (full 23):
 garbage-first heap   total 189440K, used 66511K [0x0000000700000000, 0x00000007001005c8, 0x00000007c0000000)
  region size 1024K, 1 young (1024K), 1 survivors (1024K)
 Metaspace       used 81314K, capacity 87505K, committed 87580K, reserved 1124352K
  class space    used 11191K, capacity 12273K, committed 12316K, reserved 1048576K
}
Event: 496.688 GC heap before
{Heap before GC invocations=110 (full 23):
 garbage-first heap   total 189440K, used 126927K [0x0000000700000000, 0x00000007001005c8, 0x00000007c0000000)
  region size 1024K, 60 young (61440K), 1 survivors (1024K)
 Metaspace       used 81319K, capacity 87505K, committed 87580K, reserved 1124352K
  class space    used 11191K, capacity 12273K, committed 12316K, reserved 1048576K
}
Event: 496.693 GC heap after
{Heap after GC invocations=111 (full 23):
 garbage-first heap   total 189440K, used 66587K [0x0000000700000000, 0x00000007001005c8, 0x00000007c0000000)
  region size 1024K, 1 young (1024K), 1 survivors (1024K)
 Metaspace       used 81319K, capacity 87505K, committed 87580K, reserved 1124352K
  class space    used 11191K, capacity 12273K, committed 12316K, reserved 1048576K
}
Event: 503.655 GC heap before
{Heap before GC invocations=111 (full 23):
 garbage-first heap   total 189440K, used 128027K [0x0000000700000000, 0x00000007001005c8, 0x00000007c0000000)
  region size 1024K, 60 young (61440K), 1 survivors (1024K)
 Metaspace       used 81361K, capacity 87505K, committed 87580K, reserved 1124352K
  class space    used 11191K, capacity 12273K, committed 12316K, reserved 1048576K
}
Event: 503.664 GC heap after
{Heap after GC invocations=112 (full 23):
 garbage-first heap   total 189440K, used 68136K [0x0000000700000000, 0x00000007001005c8, 0x00000007c0000000)
  region size 1024K, 2 young (2048K), 2 survivors (2048K)
 Metaspace       used 81361K, capacity 87505K, committed 87580K, reserved 1124352K
  class space    used 11191K, capacity 12273K, committed 12316K, reserved 1048576K
}

