# JRE version: Java(TM) SE Runtime Environment (9.0+11) (build 9.0.4+11)
# Java VM: Java HotSpot(TM) 64-Bit Server VM (9.0.4+11, mixed mode, tiered, compressed oops, g1 gc, windows-amd64)
Heap:
 garbage-first heap   total 210944K, used 140081K [0x0000000700000000, 0x0000000700100670, 0x00000007c0000000)
  region size 1024K, 41 young (41984K), 0 survivors (0K)
 Metaspace       used 94144K, capacity 96207K, committed 103428K, reserved 1138688K
  class space    used 12583K, capacity 13056K, committed 14620K, reserved 1048576K
GC Heap History (10 events):
Event: 66956.575 GC heap before
{Heap before GC invocations=3131 (full 2006):
 garbage-first heap   total 210944K, used 103252K [0x0000000700000000, 0x0000000700100670, 0x00000007c0000000)
  region size 1024K, 5 young (5120K), 0 survivors (0K)
 Metaspace       used 94142K, capacity 96207K, committed 103428K, reserved 1138688K
  class space    used 12583K, capacity 13056K, committed 14620K, reserved 1048576K
}
Event: 66956.828 GC heap after
{Heap after GC invocations=3132 (full 2007):
 garbage-first heap   total 210944K, used 99146K [0x0000000700000000, 0x0000000700100670, 0x00000007c0000000)
  region size 1024K, 0 young (0K), 0 survivors (0K)
 Metaspace       used 94142K, capacity 96207K, committed 103428K, reserved 1138688K
  class space    used 12583K, capacity 13056K, committed 14620K, reserved 1048576K
}
Event: 66957.345 GC heap before
{Heap before GC invocations=3132 (full 2007):
 garbage-first heap   total 210944K, used 103242K [0x0000000700000000, 0x0000000700100670, 0x00000007c0000000)
  region size 1024K, 5 young (5120K), 0 survivors (0K)
 Metaspace       used 94142K, capacity 96207K, committed 103428K, reserved 1138688K
  class space    used 12583K, capacity 13056K, committed 14620K, reserved 1048576K
}
Event: 66957.624 GC heap after
{Heap after GC invocations=3133 (full 2008):
 garbage-first heap   total 210944K, used 99153K [0x0000000700000000, 0x0000000700100670, 0x00000007c0000000)
  region size 1024K, 0 young (0K), 0 survivors (0K)
 Metaspace       used 94142K, capacity 96207K, committed 103428K, reserved 1138688K
  class space    used 12583K, capacity 13056K, committed 14620K, reserved 1048576K
}
Event: 66957.852 GC heap before
{Heap before GC invocations=3133 (full 2008):
 garbage-first heap   total 210944K, used 104273K [0x0000000700000000, 0x0000000700100670, 0x00000007c0000000)
  region size 1024K, 6 young (6144K), 0 survivors (0K)
 Metaspace       used 94142K, capacity 96207K, committed 103428K, reserved 1138688K
  class space    used 12583K, capacity 13056K, committed 14620K, reserved 1048576K
}
Event: 66958.172 GC heap after
{Heap after GC invocations=3134 (full 2009):
 garbage-first heap   total 210944K, used 99107K [0x0000000700000000, 0x0000000700100670, 0x00000007c0000000)
  region size 1024K, 0 young (0K), 0 survivors (0K)
 Metaspace       used 94142K, capacity 96207K, committed 103428K, reserved 1138688K
  class space    used 12583K, capacity 13056K, committed 14620K, reserved 1048576K
}
Event: 66960.587 GC heap before
{Heap before GC invocations=3134 (full 2009):
 garbage-first heap   total 210944K, used 123683K [0x0000000700000000, 0x0000000700100670, 0x00000007c0000000)
  region size 1024K, 25 young (25600K), 0 survivors (0K)
 Metaspace       used 94143K, capacity 96207K, committed 103428K, reserved 1138688K
  class space    used 12583K, capacity 13056K, committed 14620K, reserved 1048576K
}
Event: 66960.589 GC heap after
{Heap after GC invocations=3135 (full 2009):
 garbage-first heap   total 210944K, used 99424K [0x0000000700000000, 0x0000000700100670, 0x00000007c0000000)
  region size 1024K, 1 young (1024K), 1 survivors (1024K)
 Metaspace       used 94143K, capacity 96207K, committed 103428K, reserved 1138688K
  class space    used 12583K, capacity 13056K, committed 14620K, reserved 1048576K
}
Event: 66961.606 GC heap before
{Heap before GC invocations=3135 (full 2009):
 garbage-first heap   total 210944K, used 107616K [0x0000000700000000, 0x0000000700100670, 0x00000007c0000000)
  region size 1024K, 10 young (10240K), 1 survivors (1024K)
 Metaspace       used 94143K, capacity 96207K, committed 103428K, reserved 1138688K
  class space    used 12583K, capacity 13056K, committed 14620K, reserved 1048576K
}
Event: 66961.861 GC heap after
{Heap after GC invocations=3136 (full 2010):
 garbage-first heap   total 210944K, used 99121K [0x0000000700000000, 0x0000000700100670, 0x00000007c0000000)
  region size 1024K, 0 young (0K), 0 survivors (0K)
 Metaspace       used 94143K, capacity 96207K, committed 103428K, reserved 1138688K
  class space    used 12583K, capacity 13056K, committed 14620K, reserved 1048576K
}

